<?xml version="1.0" encoding="UTF-8"?>
<!-- Generated by org.testng.reporters.JUnitReportReporter -->
<testsuite hostname="TYSS-Chaithra" failures="0" tests="1" name="vtiger.Practice.SampleJDBCExecuteQuery" time="0.373" errors="0" timestamp="2023-04-21T11:54:02 IST" skipped="0">
  <testcase classname="vtiger.Practice.SampleJDBCExecuteQuery" name="sample" time="0.373"/>
  <system-out/>
</testsuite> <!-- vtiger.Practice.SampleJDBCExecuteQuery -->
