<?xml version="1.0" encoding="UTF-8"?>
<!-- Generated by org.testng.reporters.JUnitReportReporter -->
<testsuite hostname="TYSS-Chaithra" failures="0" tests="1" name="vtiger.Practice.SampleJDBCExecuteUpdate" time="0.311" errors="0" timestamp="2023-04-21T11:53:53 IST" skipped="0">
  <testcase classname="vtiger.Practice.SampleJDBCExecuteUpdate" name="sample" time="0.311"/>
  <system-out/>
</testsuite> <!-- vtiger.Practice.SampleJDBCExecuteUpdate -->
